total possible amp candidates without placment: 74
pipe_ast used 24.26 seconds with 50 layers and 32 stages.
amp gives partition: [1, 1, 1, 1, 1, 1, 1, 1, 1, 1, 1, 1, 1, 1, 2, 2, 2, 2, 2, 2, 2, 2, 2, 2, 2, 2, 2, 2, 2, 2, 2, 2]
pipe_ast used 16.71 seconds with 50 layers and 16 stages.
amp gives partition: [4, 3, 3, 3, 3, 3, 3, 3, 3, 3, 3, 3, 3, 3, 3, 4]
pipe_ast used 9.22 seconds with 50 layers and 8 stages.
amp gives partition: [7, 6, 6, 6, 6, 6, 6, 7]
pipe_ast used 4.56 seconds with 50 layers and 4 stages.
amp gives partition: [13, 12, 12, 13]
pipe_ast used 1.81 seconds with 50 layers and 2 stages.
amp gives partition: [25, 25]
pipe_ast used 0.05 seconds with 50 layers and 1 stages.
amp gives partition: [50]
pipe_ast used 16.64 seconds with 50 layers and 16 stages.
amp gives partition: [1, 1, 1, 1, 3, 4, 4, 4, 4, 4, 4, 4, 4, 4, 4, 3]
pipe_ast used 9.31 seconds with 50 layers and 8 stages.
amp gives partition: [2, 7, 7, 7, 7, 7, 7, 6]
pipe_ast used 4.31 seconds with 50 layers and 4 stages.
amp gives partition: [12, 13, 13, 12]
pipe_ast used 1.76 seconds with 50 layers and 2 stages.
amp gives partition: [25, 25]
AMP finishes 10 iterations
pipe_ast used 0.1 seconds with 50 layers and 1 stages.
amp gives partition: [50]
pipe_ast used 9.2 seconds with 50 layers and 8 stages.
amp gives partition: [2, 7, 7, 7, 7, 7, 7, 6]
pipe_ast used 4.38 seconds with 50 layers and 4 stages.
amp gives partition: [12, 13, 13, 12]
pipe_ast used 1.74 seconds with 50 layers and 2 stages.
amp gives partition: [25, 25]
pipe_ast used 0.05 seconds with 50 layers and 1 stages.
amp gives partition: [50]
pipe_ast used 24.0 seconds with 50 layers and 32 stages.
amp gives partition: [1, 1, 1, 1, 1, 1, 1, 1, 1, 1, 1, 1, 1, 1, 2, 2, 2, 2, 2, 2, 2, 2, 2, 2, 2, 2, 2, 2, 2, 2, 2, 2]
pipe_ast used 16.92 seconds with 50 layers and 16 stages.
amp gives partition: [4, 3, 3, 3, 3, 3, 3, 3, 3, 3, 3, 3, 3, 3, 3, 4]
pipe_ast used 9.3 seconds with 50 layers and 8 stages.
amp gives partition: [7, 6, 6, 6, 6, 6, 6, 7]
pipe_ast used 4.51 seconds with 50 layers and 4 stages.
amp gives partition: [13, 12, 12, 13]
pipe_ast used 1.8 seconds with 50 layers and 2 stages.
amp gives partition: [25, 25]
AMP finishes 20 iterations
amp gives partition: [50]
pipe_ast used 16.82 seconds with 50 layers and 16 stages.
amp gives partition: [1, 1, 1, 1, 3, 4, 4, 4, 4, 4, 4, 4, 4, 4, 4, 3]
pipe_ast used 9.28 seconds with 50 layers and 8 stages.
amp gives partition: [2, 7, 7, 7, 7, 7, 7, 6]
pipe_ast used 4.4 seconds with 50 layers and 4 stages.
amp gives partition: [12, 13, 13, 12]
pipe_ast used 1.79 seconds with 50 layers and 2 stages.
amp gives partition: [25, 25]
pipe_ast used 0.05 seconds with 50 layers and 1 stages.
amp gives partition: [50]
pipe_ast used 9.27 seconds with 50 layers and 8 stages.
amp gives partition: [2, 7, 7, 7, 7, 7, 7, 6]
pipe_ast used 4.45 seconds with 50 layers and 4 stages.
amp gives partition: [12, 13, 13, 12]
pipe_ast used 1.67 seconds with 50 layers and 2 stages.
amp gives partition: [25, 25]
pipe_ast used 0.05 seconds with 50 layers and 1 stages.
amp gives partition: [50]
AMP finishes 30 iterations
pipe_ast used 24.24 seconds with 50 layers and 32 stages.
amp gives partition: [1, 1, 1, 1, 1, 1, 1, 1, 1, 1, 1, 1, 1, 1, 2, 2, 2, 2, 2, 2, 2, 2, 2, 2, 2, 2, 2, 2, 2, 2, 2, 2]
pipe_ast used 16.73 seconds with 50 layers and 16 stages.
amp gives partition: [4, 3, 3, 3, 3, 3, 3, 3, 3, 3, 3, 3, 3, 3, 3, 4]
pipe_ast used 9.18 seconds with 50 layers and 8 stages.
amp gives partition: [7, 6, 6, 6, 6, 6, 6, 7]
pipe_ast used 4.5 seconds with 50 layers and 4 stages.
amp gives partition: [13, 12, 12, 13]
amp gives partition: [25, 25]
pipe_ast used 17.21 seconds with 50 layers and 16 stages.
amp gives partition: [1, 1, 1, 1, 3, 4, 4, 4, 4, 4, 4, 4, 4, 4, 4, 3]
pipe_ast used 9.21 seconds with 50 layers and 8 stages.
amp gives partition: [2, 7, 7, 7, 7, 7, 7, 6]
pipe_ast used 4.42 seconds with 50 layers and 4 stages.
amp gives partition: [12, 13, 13, 12]
pipe_ast used 1.74 seconds with 50 layers and 2 stages.
amp gives partition: [25, 25]
amp gives partition: [50]
AMP finishes 40 iterations
pipe_ast used 9.03 seconds with 50 layers and 8 stages.
amp gives partition: [2, 7, 7, 7, 7, 7, 7, 6]
pipe_ast used 4.41 seconds with 50 layers and 4 stages.
amp gives partition: [12, 13, 13, 12]
pipe_ast used 1.65 seconds with 50 layers and 2 stages.
amp gives partition: [25, 25]
pipe_ast used 0.05 seconds with 50 layers and 1 stages.
amp gives partition: [50]
pipe_ast used 24.93 seconds with 50 layers and 32 stages.
amp gives partition: [1, 1, 1, 1, 1, 1, 1, 1, 1, 1, 1, 1, 1, 1, 2, 2, 2, 2, 2, 2, 2, 2, 2, 2, 2, 2, 2, 2, 2, 2, 2, 2]
pipe_ast used 16.74 seconds with 50 layers and 16 stages.
amp gives partition: [4, 3, 3, 3, 3, 3, 3, 3, 3, 3, 3, 3, 3, 3, 3, 4]
pipe_ast used 9.11 seconds with 50 layers and 8 stages.
amp gives partition: [7, 6, 6, 6, 6, 6, 6, 7]
amp gives partition: [13, 12, 12, 13]
pipe_ast used 16.46 seconds with 50 layers and 16 stages.
amp gives partition: [1, 1, 1, 1, 3, 4, 4, 4, 4, 4, 4, 4, 4, 4, 4, 3]
pipe_ast used 9.21 seconds with 50 layers and 8 stages.
amp gives partition: [2, 7, 7, 7, 7, 7, 7, 6]
AMP finishes 50 iterations
pipe_ast used 4.35 seconds with 50 layers and 4 stages.
amp gives partition: [12, 13, 13, 12]
amp gives partition: [25, 25]
pipe_ast used 9.45 seconds with 50 layers and 8 stages.
amp gives partition: [2, 7, 7, 7, 7, 7, 7, 6]
pipe_ast used 4.41 seconds with 50 layers and 4 stages.
amp gives partition: [12, 13, 13, 12]
pipe_ast used 1.67 seconds with 50 layers and 2 stages.
amp gives partition: [25, 25]
amp gives partition: [50]
pipe_ast used 24.22 seconds with 50 layers and 32 stages.
amp gives partition: [1, 1, 1, 1, 1, 1, 1, 1, 1, 1, 1, 1, 1, 1, 2, 2, 2, 2, 2, 2, 2, 2, 2, 2, 2, 2, 2, 2, 2, 2, 2, 2]
pipe_ast used 16.76 seconds with 50 layers and 16 stages.
amp gives partition: [4, 3, 3, 3, 3, 3, 3, 3, 3, 3, 3, 3, 3, 3, 3, 4]
amp gives partition: [7, 6, 6, 6, 6, 6, 6, 7]
pipe_ast used 16.99 seconds with 50 layers and 16 stages.
amp gives partition: [1, 1, 1, 1, 3, 4, 4, 4, 4, 4, 4, 4, 4, 4, 4, 3]
AMP finishes 60 iterations
pipe_ast used 9.33 seconds with 50 layers and 8 stages.
amp gives partition: [2, 7, 7, 7, 7, 7, 7, 6]
amp gives partition: [13, 12, 12, 13]
pipe_ast used 9.29 seconds with 50 layers and 8 stages.
amp gives partition: [2, 7, 7, 7, 7, 7, 7, 6]
pipe_ast used 4.43 seconds with 50 layers and 4 stages.
amp gives partition: [12, 13, 13, 12]
amp gives partition: [25, 25]
pipe_ast used 25.72 seconds with 50 layers and 32 stages.
amp gives partition: [1, 1, 1, 1, 1, 1, 1, 1, 1, 1, 1, 1, 1, 1, 2, 2, 2, 2, 2, 2, 2, 2, 2, 2, 2, 2, 2, 2, 2, 2, 2, 2]
amp gives partition: [4, 3, 3, 3, 3, 3, 3, 3, 3, 3, 3, 3, 3, 3, 3, 4]
pipe_ast used 16.62 seconds with 50 layers and 16 stages.
amp gives partition: [1, 1, 1, 1, 3, 4, 4, 4, 4, 4, 4, 4, 4, 4, 4, 3]
amp gives partition: [7, 6, 6, 6, 6, 6, 6, 7]
pipe_ast used 9.21 seconds with 50 layers and 8 stages.
amp gives partition: [2, 7, 7, 7, 7, 7, 7, 6]
AMP finishes 70 iterations
amp gives partition: [13, 12, 12, 13]
amp gives partition: [3, 2, 2, 2, 2, 2, 2, 2, 2, 2, 2, 2, 2, 2, 2, 2, 1, 1, 1, 1, 1, 1, 1, 1, 1, 1, 1, 1, 1, 1, 1, 2]
amp gives partition: [4, 3, 3, 3, 3, 3, 3, 3, 3, 3, 3, 3, 3, 3, 3, 4]
amp gives partition: [7, 6, 6, 6, 6, 6, 6, 7]
AMP finishes without placement in 74 iterations in 541.6058280467987
save file: /home/eung0/amp_main_logs/GPT2XL_A100_1_A10_7_IB_AMP_1715351574.csv
